Using pre-set license
Built from '2021.1/staging' branch; Version is '2021.1.7f1 (d91830b65d9b) revision 14227504'; Using compiler version '192528614'; Build Type 'Release'
OS: 'Windows 10 Pro; OS build 19041.985; Version 2004; 64bit' Language: 'es' Physical Memory: 7748 MB
BatchMode: 1, IsHumanControllingUs: 0, StartBugReporterOnCrash: 0, Is64bit: 1, IsPro: 0

 COMMAND LINE ARGUMENTS:
C:\Program Files\Unity\Hub\Editor\2021.1.7f1\Editor\Unity.exe
-adb2
-batchMode
-noUpm
-name
AssetImportWorker0
-projectPath
C:/Users/Carlos/Documents/CURSOS VIDEOJUEGOS/PROYECTOS UNITY/MDI
-logFile
Logs/AssetImportWorker0.log
-srvPort
55138
Successfully changed project path to: C:/Users/Carlos/Documents/CURSOS VIDEOJUEGOS/PROYECTOS UNITY/MDI
C:/Users/Carlos/Documents/CURSOS VIDEOJUEGOS/PROYECTOS UNITY/MDI
Using Asset Import Pipeline V2.
Refreshing native plugins compatible for Editor in 115.94 ms, found 1 plugins.
Preloading 0 native plugins for Editor in 0.00 ms.
Initialize engine version: 2021.1.7f1 (d91830b65d9b)
[Subsystems] Discovering subsystems at path C:/Program Files/Unity/Hub/Editor/2021.1.7f1/Editor/Data/Resources/UnitySubsystems
[Subsystems] Discovering subsystems at path C:/Users/Carlos/Documents/CURSOS VIDEOJUEGOS/PROYECTOS UNITY/MDI/Assets
GfxDevice: creating device client; threaded=0; jobified=0
Direct3D:
    Version:  Direct3D 11.0 [level 11.1]
    Renderer: Intel(R) HD Graphics 520 (ID=0x1916)
    Vendor:   Intel
    VRAM:     3874 MB
    Driver:   21.20.16.4550
Initialize mono
Mono path[0] = 'C:/Program Files/Unity/Hub/Editor/2021.1.7f1/Editor/Data/Managed'
Mono path[1] = 'C:/Program Files/Unity/Hub/Editor/2021.1.7f1/Editor/Data/MonoBleedingEdge/lib/mono/unityjit'
Mono config path = 'C:/Program Files/Unity/Hub/Editor/2021.1.7f1/Editor/Data/MonoBleedingEdge/etc'
Using monoOptions --debugger-agent=transport=dt_socket,embedding=1,server=y,suspend=n,address=127.0.0.1:56928
Begin MonoManager ReloadAssembly
Registering precompiled unity dll's ...
Register platform support module: C:/Program Files/Unity/Hub/Editor/2021.1.7f1/Editor/Data/PlaybackEngines/WindowsStandaloneSupport/UnityEditor.WindowsStandalone.Extensions.dll
Registered in 0.002676 seconds.
Native extension for WindowsStandalone target not found
Refreshing native plugins compatible for Editor in 99.06 ms, found 1 plugins.
Preloading 0 native plugins for Editor in 0.00 ms.
Mono: successfully reloaded assembly
- Completed reload, in  2.201 seconds
Platform modules already initialized, skipping
Registering precompiled user dll's ...
Registered in 0.005878 seconds.
Begin MonoManager ReloadAssembly
Symbol file LoadedFromMemory doesn't match image C:\Users\Carlos\Documents\CURSOS VIDEOJUEGOS\PROYECTOS UNITY\MDI\Library\PackageCache\com.unity.visualscripting@1.6.1\Editor\VisualScripting.Core\Dependencies\YamlDotNet\Unity.VisualScripting.YamlDotNet.dll
Symbol file LoadedFromMemory doesn't match image C:\Users\Carlos\Documents\CURSOS VIDEOJUEGOS\PROYECTOS UNITY\MDI\Library\PackageCache\com.unity.visualscripting@1.6.1\Editor\VisualScripting.Core\Dependencies\DotNetZip\Unity.VisualScripting.IonicZip.dll
Native extension for WindowsStandalone target not found
Refreshing native plugins compatible for Editor in 0.63 ms, found 1 plugins.
Preloading 0 native plugins for Editor in 0.00 ms.
Mono: successfully reloaded assembly
- Completed reload, in  1.740 seconds
Platform modules already initialized, skipping
========================================================================
Worker process is ready to serve import requests
Launched and connected shader compiler UnityShaderCompiler.exe after 0.08 seconds
Refreshing native plugins compatible for Editor in 0.89 ms, found 1 plugins.
Preloading 0 native plugins for Editor in 0.00 ms.
Unloading 2667 Unused Serialized files (Serialized files now loaded: 0)
System memory in use before: 112.9 MB.
System memory in use after: 113.0 MB.

Unloading 14 unused Assets to reduce memory usage. Loaded Objects now: 3148.
Total: 2.819600 ms (FindLiveObjects: 0.241000 ms CreateObjectMapping: 0.157200 ms MarkObjects: 2.255300 ms  DeleteObjects: 0.164700 ms)

========================================================================
Received Import Request.
  path: Assets/Scripts/Director.cs
  artifactKey: Guid(6f452d75ef6689344a821ea504e1f496) Importer(815301076,1909f56bfc062723c751e8b465ee728b)
Start importing Assets/Scripts/Director.cs using Guid(6f452d75ef6689344a821ea504e1f496) Importer(815301076,1909f56bfc062723c751e8b465ee728b)  -> (artifact id: 'c81bda1ad763bcdd4afed3885ddcd11d') in 0.142276 seconds 
========================================================================
Received Prepare
Registering precompiled user dll's ...
Registered in 0.003634 seconds.
Begin MonoManager ReloadAssembly
Symbol file LoadedFromMemory doesn't match image C:\Users\Carlos\Documents\CURSOS VIDEOJUEGOS\PROYECTOS UNITY\MDI\Library\PackageCache\com.unity.visualscripting@1.6.1\Editor\VisualScripting.Core\Dependencies\YamlDotNet\Unity.VisualScripting.YamlDotNet.dll
Symbol file LoadedFromMemory doesn't match image C:\Users\Carlos\Documents\CURSOS VIDEOJUEGOS\PROYECTOS UNITY\MDI\Library\PackageCache\com.unity.visualscripting@1.6.1\Editor\VisualScripting.Core\Dependencies\DotNetZip\Unity.VisualScripting.IonicZip.dll
Native extension for WindowsStandalone target not found
Refreshing native plugins compatible for Editor in 0.51 ms, found 1 plugins.
Preloading 0 native plugins for Editor in 0.00 ms.
Mono: successfully reloaded assembly
- Completed reload, in  1.211 seconds
Platform modules already initialized, skipping
Refreshing native plugins compatible for Editor in 0.86 ms, found 1 plugins.
Preloading 0 native plugins for Editor in 0.00 ms.
Unloading 2662 Unused Serialized files (Serialized files now loaded: 0)
System memory in use before: 112.9 MB.
System memory in use after: 113.0 MB.

Unloading 9 unused Assets to reduce memory usage. Loaded Objects now: 3151.
Total: 2.302500 ms (FindLiveObjects: 0.241600 ms CreateObjectMapping: 0.144000 ms MarkObjects: 1.811500 ms  DeleteObjects: 0.104500 ms)

========================================================================
Received Prepare
Registering precompiled user dll's ...
Registered in 0.003687 seconds.
Begin MonoManager ReloadAssembly
Symbol file LoadedFromMemory doesn't match image C:\Users\Carlos\Documents\CURSOS VIDEOJUEGOS\PROYECTOS UNITY\MDI\Library\PackageCache\com.unity.visualscripting@1.6.1\Editor\VisualScripting.Core\Dependencies\YamlDotNet\Unity.VisualScripting.YamlDotNet.dll
Symbol file LoadedFromMemory doesn't match image C:\Users\Carlos\Documents\CURSOS VIDEOJUEGOS\PROYECTOS UNITY\MDI\Library\PackageCache\com.unity.visualscripting@1.6.1\Editor\VisualScripting.Core\Dependencies\DotNetZip\Unity.VisualScripting.IonicZip.dll
Native extension for WindowsStandalone target not found
Refreshing native plugins compatible for Editor in 0.59 ms, found 1 plugins.
Preloading 0 native plugins for Editor in 0.00 ms.
Mono: successfully reloaded assembly
- Completed reload, in  1.260 seconds
Platform modules already initialized, skipping
Refreshing native plugins compatible for Editor in 0.97 ms, found 1 plugins.
Preloading 0 native plugins for Editor in 0.00 ms.
Unloading 2661 Unused Serialized files (Serialized files now loaded: 0)
System memory in use before: 112.9 MB.
System memory in use after: 113.1 MB.

Unloading 10 unused Assets to reduce memory usage. Loaded Objects now: 3153.
Total: 2.962100 ms (FindLiveObjects: 0.248700 ms CreateObjectMapping: 0.162500 ms MarkObjects: 2.432500 ms  DeleteObjects: 0.116500 ms)

========================================================================
Received Prepare
Registering precompiled user dll's ...
Registered in 0.004545 seconds.
Begin MonoManager ReloadAssembly
Symbol file LoadedFromMemory doesn't match image C:\Users\Carlos\Documents\CURSOS VIDEOJUEGOS\PROYECTOS UNITY\MDI\Library\PackageCache\com.unity.visualscripting@1.6.1\Editor\VisualScripting.Core\Dependencies\YamlDotNet\Unity.VisualScripting.YamlDotNet.dll
Symbol file LoadedFromMemory doesn't match image C:\Users\Carlos\Documents\CURSOS VIDEOJUEGOS\PROYECTOS UNITY\MDI\Library\PackageCache\com.unity.visualscripting@1.6.1\Editor\VisualScripting.Core\Dependencies\DotNetZip\Unity.VisualScripting.IonicZip.dll
Native extension for WindowsStandalone target not found
Refreshing native plugins compatible for Editor in 0.86 ms, found 1 plugins.
Preloading 0 native plugins for Editor in 0.00 ms.
Mono: successfully reloaded assembly
- Completed reload, in  1.748 seconds
Platform modules already initialized, skipping
Refreshing native plugins compatible for Editor in 1.00 ms, found 1 plugins.
Preloading 0 native plugins for Editor in 0.00 ms.
Unloading 2662 Unused Serialized files (Serialized files now loaded: 0)
System memory in use before: 112.9 MB.
System memory in use after: 113.1 MB.

Unloading 9 unused Assets to reduce memory usage. Loaded Objects now: 3157.
Total: 2.411200 ms (FindLiveObjects: 0.248400 ms CreateObjectMapping: 0.168300 ms MarkObjects: 1.921100 ms  DeleteObjects: 0.072200 ms)

========================================================================
Received Import Request.
  Time since last request: 262.919464 seconds.
  path: Assets/Scripts/ControlTimeline.cs
  artifactKey: Guid(f9a779248a133bf40a7f421845ee48ca) Importer(815301076,1909f56bfc062723c751e8b465ee728b)
Start importing Assets/Scripts/ControlTimeline.cs using Guid(f9a779248a133bf40a7f421845ee48ca) Importer(815301076,1909f56bfc062723c751e8b465ee728b)  -> (artifact id: 'e5162dd1709fe77005ba6094fcdf4d22') in 0.059889 seconds 
========================================================================
Received Prepare
Registering precompiled user dll's ...
Registered in 0.004876 seconds.
Begin MonoManager ReloadAssembly
Symbol file LoadedFromMemory doesn't match image C:\Users\Carlos\Documents\CURSOS VIDEOJUEGOS\PROYECTOS UNITY\MDI\Library\PackageCache\com.unity.visualscripting@1.6.1\Editor\VisualScripting.Core\Dependencies\YamlDotNet\Unity.VisualScripting.YamlDotNet.dll
Symbol file LoadedFromMemory doesn't match image C:\Users\Carlos\Documents\CURSOS VIDEOJUEGOS\PROYECTOS UNITY\MDI\Library\PackageCache\com.unity.visualscripting@1.6.1\Editor\VisualScripting.Core\Dependencies\DotNetZip\Unity.VisualScripting.IonicZip.dll
Native extension for WindowsStandalone target not found
Refreshing native plugins compatible for Editor in 0.52 ms, found 1 plugins.
Preloading 0 native plugins for Editor in 0.00 ms.
Mono: successfully reloaded assembly
- Completed reload, in  1.273 seconds
Platform modules already initialized, skipping
Refreshing native plugins compatible for Editor in 0.98 ms, found 1 plugins.
Preloading 0 native plugins for Editor in 0.00 ms.
Unloading 2662 Unused Serialized files (Serialized files now loaded: 0)
System memory in use before: 113.0 MB.
System memory in use after: 113.1 MB.

Unloading 9 unused Assets to reduce memory usage. Loaded Objects now: 3160.
Total: 2.437200 ms (FindLiveObjects: 0.244700 ms CreateObjectMapping: 0.178900 ms MarkObjects: 1.925300 ms  DeleteObjects: 0.086700 ms)

========================================================================
Received Prepare
Registering precompiled user dll's ...
Registered in 0.003377 seconds.
Begin MonoManager ReloadAssembly
Symbol file LoadedFromMemory doesn't match image C:\Users\Carlos\Documents\CURSOS VIDEOJUEGOS\PROYECTOS UNITY\MDI\Library\PackageCache\com.unity.visualscripting@1.6.1\Editor\VisualScripting.Core\Dependencies\YamlDotNet\Unity.VisualScripting.YamlDotNet.dll
Symbol file LoadedFromMemory doesn't match image C:\Users\Carlos\Documents\CURSOS VIDEOJUEGOS\PROYECTOS UNITY\MDI\Library\PackageCache\com.unity.visualscripting@1.6.1\Editor\VisualScripting.Core\Dependencies\DotNetZip\Unity.VisualScripting.IonicZip.dll
Native extension for WindowsStandalone target not found
Refreshing native plugins compatible for Editor in 0.62 ms, found 1 plugins.
Preloading 0 native plugins for Editor in 0.00 ms.
Mono: successfully reloaded assembly
- Completed reload, in  1.129 seconds
Platform modules already initialized, skipping
Refreshing native plugins compatible for Editor in 0.96 ms, found 1 plugins.
Preloading 0 native plugins for Editor in 0.00 ms.
Unloading 2662 Unused Serialized files (Serialized files now loaded: 0)
System memory in use before: 113.0 MB.
System memory in use after: 113.2 MB.

Unloading 9 unused Assets to reduce memory usage. Loaded Objects now: 3163.
Total: 2.339300 ms (FindLiveObjects: 0.253000 ms CreateObjectMapping: 0.180000 ms MarkObjects: 1.827500 ms  DeleteObjects: 0.077700 ms)

========================================================================
Received Prepare
Registering precompiled user dll's ...
Registered in 0.006178 seconds.
Begin MonoManager ReloadAssembly
Symbol file LoadedFromMemory doesn't match image C:\Users\Carlos\Documents\CURSOS VIDEOJUEGOS\PROYECTOS UNITY\MDI\Library\PackageCache\com.unity.visualscripting@1.6.1\Editor\VisualScripting.Core\Dependencies\YamlDotNet\Unity.VisualScripting.YamlDotNet.dll
Symbol file LoadedFromMemory doesn't match image C:\Users\Carlos\Documents\CURSOS VIDEOJUEGOS\PROYECTOS UNITY\MDI\Library\PackageCache\com.unity.visualscripting@1.6.1\Editor\VisualScripting.Core\Dependencies\DotNetZip\Unity.VisualScripting.IonicZip.dll
Native extension for WindowsStandalone target not found
Refreshing native plugins compatible for Editor in 1.35 ms, found 1 plugins.
Preloading 0 native plugins for Editor in 0.00 ms.
Mono: successfully reloaded assembly
- Completed reload, in  3.473 seconds
Platform modules already initialized, skipping
Refreshing native plugins compatible for Editor in 1.37 ms, found 1 plugins.
Preloading 0 native plugins for Editor in 0.00 ms.
Unloading 2662 Unused Serialized files (Serialized files now loaded: 0)
System memory in use before: 113.0 MB.
System memory in use after: 113.2 MB.

Unloading 9 unused Assets to reduce memory usage. Loaded Objects now: 3166.
Total: 7.685700 ms (FindLiveObjects: 0.615800 ms CreateObjectMapping: 1.053000 ms MarkObjects: 5.847600 ms  DeleteObjects: 0.164900 ms)

========================================================================
Received Prepare
Registering precompiled user dll's ...
Registered in 0.003345 seconds.
Begin MonoManager ReloadAssembly
Symbol file LoadedFromMemory doesn't match image C:\Users\Carlos\Documents\CURSOS VIDEOJUEGOS\PROYECTOS UNITY\MDI\Library\PackageCache\com.unity.visualscripting@1.6.1\Editor\VisualScripting.Core\Dependencies\YamlDotNet\Unity.VisualScripting.YamlDotNet.dll
Symbol file LoadedFromMemory doesn't match image C:\Users\Carlos\Documents\CURSOS VIDEOJUEGOS\PROYECTOS UNITY\MDI\Library\PackageCache\com.unity.visualscripting@1.6.1\Editor\VisualScripting.Core\Dependencies\DotNetZip\Unity.VisualScripting.IonicZip.dll
Native extension for WindowsStandalone target not found
Refreshing native plugins compatible for Editor in 0.56 ms, found 1 plugins.
Preloading 0 native plugins for Editor in 0.00 ms.
Mono: successfully reloaded assembly
- Completed reload, in  1.082 seconds
Platform modules already initialized, skipping
Refreshing native plugins compatible for Editor in 1.48 ms, found 1 plugins.
Preloading 0 native plugins for Editor in 0.00 ms.
Unloading 2662 Unused Serialized files (Serialized files now loaded: 0)
System memory in use before: 113.0 MB.
System memory in use after: 113.2 MB.

Unloading 9 unused Assets to reduce memory usage. Loaded Objects now: 3169.
Total: 2.412300 ms (FindLiveObjects: 0.268400 ms CreateObjectMapping: 0.182800 ms MarkObjects: 1.885000 ms  DeleteObjects: 0.074600 ms)

========================================================================
Received Import Request.
  Time since last request: 1316.086255 seconds.
  path: Assets/Animations/Vehiculo/Descenso.anim
  artifactKey: Guid(d8ca47d754a410d4db8a0018379653ff) Importer(815301076,1909f56bfc062723c751e8b465ee728b)
Start importing Assets/Animations/Vehiculo/Descenso.anim using Guid(d8ca47d754a410d4db8a0018379653ff) Importer(815301076,1909f56bfc062723c751e8b465ee728b)  -> (artifact id: '71388017f5c072e694783269745d79dd') in 0.033774 seconds 
========================================================================
Received Import Request.
  Time since last request: 369.560211 seconds.
  path: Assets/Animations/Vehiculo/Descenso 1.anim
  artifactKey: Guid(a6d8b07c8fb6d094fadeb6df117d7563) Importer(815301076,1909f56bfc062723c751e8b465ee728b)
Start importing Assets/Animations/Vehiculo/Descenso 1.anim using Guid(a6d8b07c8fb6d094fadeb6df117d7563) Importer(815301076,1909f56bfc062723c751e8b465ee728b)  -> (artifact id: '80e22fc229a9c0cbe3759ee158d3649d') in 0.150520 seconds 
========================================================================
Received Import Request.
  Time since last request: 474.818727 seconds.
  path: Assets/Animations/Vehiculo/ColocacionTornillos.anim
  artifactKey: Guid(d4647d304839a7a408c78d9c74ef3d08) Importer(815301076,1909f56bfc062723c751e8b465ee728b)
Start importing Assets/Animations/Vehiculo/ColocacionTornillos.anim using Guid(d4647d304839a7a408c78d9c74ef3d08) Importer(815301076,1909f56bfc062723c751e8b465ee728b)  -> (artifact id: '9d21e71424604a97fb76a3cdecb40e48') in 0.019260 seconds 
========================================================================
Received Import Request.
  Time since last request: 1.582581 seconds.
  path: Assets/Animations/Vehiculo/Descenso.anim
  artifactKey: Guid(d8ca47d754a410d4db8a0018379653ff) Importer(815301076,1909f56bfc062723c751e8b465ee728b)
Start importing Assets/Animations/Vehiculo/Descenso.anim using Guid(d8ca47d754a410d4db8a0018379653ff) Importer(815301076,1909f56bfc062723c751e8b465ee728b)  -> (artifact id: '08533e639250334125b06cbdcf1707c2') in 0.014328 seconds 
========================================================================
Received Import Request.
  Time since last request: 3.200879 seconds.
  path: Assets/Animations/Vehiculo/Extraccion.anim
  artifactKey: Guid(be59a80a37e7c5f42b27c285dd932d3c) Importer(815301076,1909f56bfc062723c751e8b465ee728b)
Start importing Assets/Animations/Vehiculo/Extraccion.anim using Guid(be59a80a37e7c5f42b27c285dd932d3c) Importer(815301076,1909f56bfc062723c751e8b465ee728b)  -> (artifact id: '614a246d6ea1369dd815c9c2e650781a') in 0.020574 seconds 
========================================================================
Received Prepare
Registering precompiled user dll's ...
Registered in 0.004452 seconds.
Begin MonoManager ReloadAssembly
Symbol file LoadedFromMemory doesn't match image C:\Users\Carlos\Documents\CURSOS VIDEOJUEGOS\PROYECTOS UNITY\MDI\Library\PackageCache\com.unity.visualscripting@1.6.1\Editor\VisualScripting.Core\Dependencies\YamlDotNet\Unity.VisualScripting.YamlDotNet.dll
Symbol file LoadedFromMemory doesn't match image C:\Users\Carlos\Documents\CURSOS VIDEOJUEGOS\PROYECTOS UNITY\MDI\Library\PackageCache\com.unity.visualscripting@1.6.1\Editor\VisualScripting.Core\Dependencies\DotNetZip\Unity.VisualScripting.IonicZip.dll
Native extension for WindowsStandalone target not found
Refreshing native plugins compatible for Editor in 0.64 ms, found 1 plugins.
Preloading 0 native plugins for Editor in 0.00 ms.
Mono: successfully reloaded assembly
- Completed reload, in  1.101 seconds
Platform modules already initialized, skipping
Refreshing native plugins compatible for Editor in 0.88 ms, found 1 plugins.
Preloading 0 native plugins for Editor in 0.00 ms.
Unloading 2662 Unused Serialized files (Serialized files now loaded: 0)
System memory in use before: 113.0 MB.
System memory in use after: 113.2 MB.

Unloading 9 unused Assets to reduce memory usage. Loaded Objects now: 3172.
Total: 3.441400 ms (FindLiveObjects: 0.352700 ms CreateObjectMapping: 0.205100 ms MarkObjects: 2.768200 ms  DeleteObjects: 0.113300 ms)

========================================================================
Received Import Request.
  Time since last request: 1447.250982 seconds.
  path: Assets/Animations/Directores/ActivarTexto.signal
  artifactKey: Guid(2765b8d11abe68647b11e13f0151b19e) Importer(815301076,1909f56bfc062723c751e8b465ee728b)
Start importing Assets/Animations/Directores/ActivarTexto.signal using Guid(2765b8d11abe68647b11e13f0151b19e) Importer(815301076,1909f56bfc062723c751e8b465ee728b)  -> (artifact id: 'aa1663dc5536a6e0ebe3b2a3fa25c4ff') in 0.035674 seconds 
AssetImportWorkerClient::OnTransportError - code=2 error=End of file
